The system is: Darwin - 15.0.0 - x86_64
Compiling the CXX compiler identification source file "CMakeCXXCompilerId.cpp" succeeded.
Compiler: /Applications/Xcode.app/Contents/Developer/Toolchains/XcodeDefault.xctoolchain/usr/bin/c++ 
Build flags: 
Id flags: 

The output was:
0


Compilation of the CXX compiler identification source "CMakeCXXCompilerId.cpp" produced "a.out"

The CXX compiler identification is AppleClang, found in "/Users/arunporuri/Desktop/Face_match/cv_static/opencv-2.4.13/CMakeFiles/3.6.1/CompilerIdCXX/a.out"

Compiling the C compiler identification source file "CMakeCCompilerId.c" succeeded.
Compiler: /Applications/Xcode.app/Contents/Developer/Toolchains/XcodeDefault.xctoolchain/usr/bin/cc 
Build flags: 
Id flags: 

The output was:
0


Compilation of the C compiler identification source "CMakeCCompilerId.c" produced "a.out"

The C compiler identification is AppleClang, found in "/Users/arunporuri/Desktop/Face_match/cv_static/opencv-2.4.13/CMakeFiles/3.6.1/CompilerIdC/a.out"

Determining if the CXX compiler works passed with the following output:
Change Dir: /Users/arunporuri/Desktop/Face_match/cv_static/opencv-2.4.13/CMakeFiles/CMakeTmp

Run Build Command:"/usr/bin/make" "cmTC_7e707/fast"
/Applications/Xcode.app/Contents/Developer/usr/bin/make -f CMakeFiles/cmTC_7e707.dir/build.make CMakeFiles/cmTC_7e707.dir/build
Building CXX object CMakeFiles/cmTC_7e707.dir/testCXXCompiler.cxx.o
/Applications/Xcode.app/Contents/Developer/Toolchains/XcodeDefault.xctoolchain/usr/bin/c++     -isysroot /Applications/Xcode.app/Contents/Developer/Platforms/MacOSX.platform/Developer/SDKs/MacOSX10.11.sdk   -o CMakeFiles/cmTC_7e707.dir/testCXXCompiler.cxx.o -c /Users/arunporuri/Desktop/Face_match/cv_static/opencv-2.4.13/CMakeFiles/CMakeTmp/testCXXCompiler.cxx
Linking CXX executable cmTC_7e707
/usr/local/Cellar/cmake/3.6.1/bin/cmake -E cmake_link_script CMakeFiles/cmTC_7e707.dir/link.txt --verbose=1
/Applications/Xcode.app/Contents/Developer/Toolchains/XcodeDefault.xctoolchain/usr/bin/c++     -isysroot /Applications/Xcode.app/Contents/Developer/Platforms/MacOSX.platform/Developer/SDKs/MacOSX10.11.sdk -Wl,-search_paths_first -Wl,-headerpad_max_install_names   CMakeFiles/cmTC_7e707.dir/testCXXCompiler.cxx.o  -o cmTC_7e707  


Detecting CXX compiler ABI info compiled with the following output:
Change Dir: /Users/arunporuri/Desktop/Face_match/cv_static/opencv-2.4.13/CMakeFiles/CMakeTmp

Run Build Command:"/usr/bin/make" "cmTC_1729c/fast"
/Applications/Xcode.app/Contents/Developer/usr/bin/make -f CMakeFiles/cmTC_1729c.dir/build.make CMakeFiles/cmTC_1729c.dir/build
Building CXX object CMakeFiles/cmTC_1729c.dir/CMakeCXXCompilerABI.cpp.o
/Applications/Xcode.app/Contents/Developer/Toolchains/XcodeDefault.xctoolchain/usr/bin/c++     -isysroot /Applications/Xcode.app/Contents/Developer/Platforms/MacOSX.platform/Developer/SDKs/MacOSX10.11.sdk   -o CMakeFiles/cmTC_1729c.dir/CMakeCXXCompilerABI.cpp.o -c /usr/local/Cellar/cmake/3.6.1/share/cmake/Modules/CMakeCXXCompilerABI.cpp
Linking CXX executable cmTC_1729c
/usr/local/Cellar/cmake/3.6.1/bin/cmake -E cmake_link_script CMakeFiles/cmTC_1729c.dir/link.txt --verbose=1
/Applications/Xcode.app/Contents/Developer/Toolchains/XcodeDefault.xctoolchain/usr/bin/c++     -isysroot /Applications/Xcode.app/Contents/Developer/Platforms/MacOSX.platform/Developer/SDKs/MacOSX10.11.sdk -Wl,-search_paths_first -Wl,-headerpad_max_install_names  -v -Wl,-v CMakeFiles/cmTC_1729c.dir/CMakeCXXCompilerABI.cpp.o  -o cmTC_1729c   
Apple LLVM version 7.3.0 (clang-703.0.31)
Target: x86_64-apple-darwin15.0.0
Thread model: posix
InstalledDir: /Applications/Xcode.app/Contents/Developer/Toolchains/XcodeDefault.xctoolchain/usr/bin
 "/Applications/Xcode.app/Contents/Developer/Toolchains/XcodeDefault.xctoolchain/usr/bin/ld" -demangle -dynamic -arch x86_64 -macosx_version_min 10.11.0 -syslibroot /Applications/Xcode.app/Contents/Developer/Platforms/MacOSX.platform/Developer/SDKs/MacOSX10.11.sdk -o cmTC_1729c -search_paths_first -headerpad_max_install_names -v CMakeFiles/cmTC_1729c.dir/CMakeCXXCompilerABI.cpp.o -lc++ -lSystem /Applications/Xcode.app/Contents/Developer/Toolchains/XcodeDefault.xctoolchain/usr/bin/../lib/clang/7.3.0/lib/darwin/libclang_rt.osx.a
@(#)PROGRAM:ld  PROJECT:ld64-264.3.102
configured to support archs: armv6 armv7 armv7s arm64 i386 x86_64 x86_64h armv6m armv7k armv7m armv7em (tvOS)
Library search paths:
	/Applications/Xcode.app/Contents/Developer/Platforms/MacOSX.platform/Developer/SDKs/MacOSX10.11.sdk/usr/lib
Framework search paths:
	/Applications/Xcode.app/Contents/Developer/Platforms/MacOSX.platform/Developer/SDKs/MacOSX10.11.sdk/System/Library/Frameworks/


Parsed CXX implicit link information from above output:
  link line regex: [^( *|.*[/\])(ld|([^/\]+-)?ld|collect2)[^/\]*( |$)]
  ignore line: [Change Dir: /Users/arunporuri/Desktop/Face_match/cv_static/opencv-2.4.13/CMakeFiles/CMakeTmp]
  ignore line: []
  ignore line: [Run Build Command:"/usr/bin/make" "cmTC_1729c/fast"]
  ignore line: [/Applications/Xcode.app/Contents/Developer/usr/bin/make -f CMakeFiles/cmTC_1729c.dir/build.make CMakeFiles/cmTC_1729c.dir/build]
  ignore line: [Building CXX object CMakeFiles/cmTC_1729c.dir/CMakeCXXCompilerABI.cpp.o]
  ignore line: [/Applications/Xcode.app/Contents/Developer/Toolchains/XcodeDefault.xctoolchain/usr/bin/c++     -isysroot /Applications/Xcode.app/Contents/Developer/Platforms/MacOSX.platform/Developer/SDKs/MacOSX10.11.sdk   -o CMakeFiles/cmTC_1729c.dir/CMakeCXXCompilerABI.cpp.o -c /usr/local/Cellar/cmake/3.6.1/share/cmake/Modules/CMakeCXXCompilerABI.cpp]
  ignore line: [Linking CXX executable cmTC_1729c]
  ignore line: [/usr/local/Cellar/cmake/3.6.1/bin/cmake -E cmake_link_script CMakeFiles/cmTC_1729c.dir/link.txt --verbose=1]
  ignore line: [/Applications/Xcode.app/Contents/Developer/Toolchains/XcodeDefault.xctoolchain/usr/bin/c++     -isysroot /Applications/Xcode.app/Contents/Developer/Platforms/MacOSX.platform/Developer/SDKs/MacOSX10.11.sdk -Wl,-search_paths_first -Wl,-headerpad_max_install_names  -v -Wl,-v CMakeFiles/cmTC_1729c.dir/CMakeCXXCompilerABI.cpp.o  -o cmTC_1729c   ]
  ignore line: [Apple LLVM version 7.3.0 (clang-703.0.31)]
  ignore line: [Target: x86_64-apple-darwin15.0.0]
  ignore line: [Thread model: posix]
  ignore line: [InstalledDir: /Applications/Xcode.app/Contents/Developer/Toolchains/XcodeDefault.xctoolchain/usr/bin]
  link line: [ "/Applications/Xcode.app/Contents/Developer/Toolchains/XcodeDefault.xctoolchain/usr/bin/ld" -demangle -dynamic -arch x86_64 -macosx_version_min 10.11.0 -syslibroot /Applications/Xcode.app/Contents/Developer/Platforms/MacOSX.platform/Developer/SDKs/MacOSX10.11.sdk -o cmTC_1729c -search_paths_first -headerpad_max_install_names -v CMakeFiles/cmTC_1729c.dir/CMakeCXXCompilerABI.cpp.o -lc++ -lSystem /Applications/Xcode.app/Contents/Developer/Toolchains/XcodeDefault.xctoolchain/usr/bin/../lib/clang/7.3.0/lib/darwin/libclang_rt.osx.a]
    arg [/Applications/Xcode.app/Contents/Developer/Toolchains/XcodeDefault.xctoolchain/usr/bin/ld] ==> ignore
    arg [-demangle] ==> ignore
    arg [-dynamic] ==> ignore
    arg [-arch] ==> ignore
    arg [x86_64] ==> ignore
    arg [-macosx_version_min] ==> ignore
    arg [10.11.0] ==> ignore
    arg [-syslibroot] ==> ignore
    arg [/Applications/Xcode.app/Contents/Developer/Platforms/MacOSX.platform/Developer/SDKs/MacOSX10.11.sdk] ==> ignore
    arg [-o] ==> ignore
    arg [cmTC_1729c] ==> ignore
    arg [-search_paths_first] ==> ignore
    arg [-headerpad_max_install_names] ==> ignore
    arg [-v] ==> ignore
    arg [CMakeFiles/cmTC_1729c.dir/CMakeCXXCompilerABI.cpp.o] ==> ignore
    arg [-lc++] ==> lib [c++]
    arg [-lSystem] ==> lib [System]
    arg [/Applications/Xcode.app/Contents/Developer/Toolchains/XcodeDefault.xctoolchain/usr/bin/../lib/clang/7.3.0/lib/darwin/libclang_rt.osx.a] ==> lib [/Applications/Xcode.app/Contents/Developer/Toolchains/XcodeDefault.xctoolchain/usr/bin/../lib/clang/7.3.0/lib/darwin/libclang_rt.osx.a]
  Library search paths: [;/Applications/Xcode.app/Contents/Developer/Platforms/MacOSX.platform/Developer/SDKs/MacOSX10.11.sdk/usr/lib]
  Framework search paths: [;/Applications/Xcode.app/Contents/Developer/Platforms/MacOSX.platform/Developer/SDKs/MacOSX10.11.sdk/System/Library/Frameworks/]
  remove lib [System]
  collapse lib [/Applications/Xcode.app/Contents/Developer/Toolchains/XcodeDefault.xctoolchain/usr/bin/../lib/clang/7.3.0/lib/darwin/libclang_rt.osx.a] ==> [/Applications/Xcode.app/Contents/Developer/Toolchains/XcodeDefault.xctoolchain/usr/lib/clang/7.3.0/lib/darwin/libclang_rt.osx.a]
  collapse library dir [/Applications/Xcode.app/Contents/Developer/Platforms/MacOSX.platform/Developer/SDKs/MacOSX10.11.sdk/usr/lib] ==> [/Applications/Xcode.app/Contents/Developer/Platforms/MacOSX.platform/Developer/SDKs/MacOSX10.11.sdk/usr/lib]
  collapse framework dir [/Applications/Xcode.app/Contents/Developer/Platforms/MacOSX.platform/Developer/SDKs/MacOSX10.11.sdk/System/Library/Frameworks/] ==> [/Applications/Xcode.app/Contents/Developer/Platforms/MacOSX.platform/Developer/SDKs/MacOSX10.11.sdk/System/Library/Frameworks]
  implicit libs: [c++;/Applications/Xcode.app/Contents/Developer/Toolchains/XcodeDefault.xctoolchain/usr/lib/clang/7.3.0/lib/darwin/libclang_rt.osx.a]
  implicit dirs: [/Applications/Xcode.app/Contents/Developer/Platforms/MacOSX.platform/Developer/SDKs/MacOSX10.11.sdk/usr/lib]
  implicit fwks: [/Applications/Xcode.app/Contents/Developer/Platforms/MacOSX.platform/Developer/SDKs/MacOSX10.11.sdk/System/Library/Frameworks]




Detecting CXX [-std=c++14] compiler features compiled with the following output:
Change Dir: /Users/arunporuri/Desktop/Face_match/cv_static/opencv-2.4.13/CMakeFiles/CMakeTmp

Run Build Command:"/usr/bin/make" "cmTC_41e0f/fast"
/Applications/Xcode.app/Contents/Developer/usr/bin/make -f CMakeFiles/cmTC_41e0f.dir/build.make CMakeFiles/cmTC_41e0f.dir/build
Building CXX object CMakeFiles/cmTC_41e0f.dir/feature_tests.cxx.o
/Applications/Xcode.app/Contents/Developer/Toolchains/XcodeDefault.xctoolchain/usr/bin/c++     -isysroot /Applications/Xcode.app/Contents/Developer/Platforms/MacOSX.platform/Developer/SDKs/MacOSX10.11.sdk   -std=c++14 -o CMakeFiles/cmTC_41e0f.dir/feature_tests.cxx.o -c /Users/arunporuri/Desktop/Face_match/cv_static/opencv-2.4.13/CMakeFiles/feature_tests.cxx
Linking CXX executable cmTC_41e0f
/usr/local/Cellar/cmake/3.6.1/bin/cmake -E cmake_link_script CMakeFiles/cmTC_41e0f.dir/link.txt --verbose=1
/Applications/Xcode.app/Contents/Developer/Toolchains/XcodeDefault.xctoolchain/usr/bin/c++     -isysroot /Applications/Xcode.app/Contents/Developer/Platforms/MacOSX.platform/Developer/SDKs/MacOSX10.11.sdk -Wl,-search_paths_first -Wl,-headerpad_max_install_names   CMakeFiles/cmTC_41e0f.dir/feature_tests.cxx.o  -o cmTC_41e0f  


    Feature record: CXX_FEATURE:1cxx_aggregate_default_initializers
    Feature record: CXX_FEATURE:1cxx_alias_templates
    Feature record: CXX_FEATURE:1cxx_alignas
    Feature record: CXX_FEATURE:1cxx_alignof
    Feature record: CXX_FEATURE:1cxx_attributes
    Feature record: CXX_FEATURE:1cxx_attribute_deprecated
    Feature record: CXX_FEATURE:1cxx_auto_type
    Feature record: CXX_FEATURE:1cxx_binary_literals
    Feature record: CXX_FEATURE:1cxx_constexpr
    Feature record: CXX_FEATURE:1cxx_contextual_conversions
    Feature record: CXX_FEATURE:1cxx_decltype
    Feature record: CXX_FEATURE:1cxx_decltype_auto
    Feature record: CXX_FEATURE:1cxx_decltype_incomplete_return_types
    Feature record: CXX_FEATURE:1cxx_default_function_template_args
    Feature record: CXX_FEATURE:1cxx_defaulted_functions
    Feature record: CXX_FEATURE:1cxx_defaulted_move_initializers
    Feature record: CXX_FEATURE:1cxx_delegating_constructors
    Feature record: CXX_FEATURE:1cxx_deleted_functions
    Feature record: CXX_FEATURE:1cxx_digit_separators
    Feature record: CXX_FEATURE:1cxx_enum_forward_declarations
    Feature record: CXX_FEATURE:1cxx_explicit_conversions
    Feature record: CXX_FEATURE:1cxx_extended_friend_declarations
    Feature record: CXX_FEATURE:1cxx_extern_templates
    Feature record: CXX_FEATURE:1cxx_final
    Feature record: CXX_FEATURE:1cxx_func_identifier
    Feature record: CXX_FEATURE:1cxx_generalized_initializers
    Feature record: CXX_FEATURE:1cxx_generic_lambdas
    Feature record: CXX_FEATURE:1cxx_inheriting_constructors
    Feature record: CXX_FEATURE:1cxx_inline_namespaces
    Feature record: CXX_FEATURE:1cxx_lambdas
    Feature record: CXX_FEATURE:1cxx_lambda_init_captures
    Feature record: CXX_FEATURE:1cxx_local_type_template_args
    Feature record: CXX_FEATURE:1cxx_long_long_type
    Feature record: CXX_FEATURE:1cxx_noexcept
    Feature record: CXX_FEATURE:1cxx_nonstatic_member_init
    Feature record: CXX_FEATURE:1cxx_nullptr
    Feature record: CXX_FEATURE:1cxx_override
    Feature record: CXX_FEATURE:1cxx_range_for
    Feature record: CXX_FEATURE:1cxx_raw_string_literals
    Feature record: CXX_FEATURE:1cxx_reference_qualified_functions
    Feature record: CXX_FEATURE:1cxx_relaxed_constexpr
    Feature record: CXX_FEATURE:1cxx_return_type_deduction
    Feature record: CXX_FEATURE:1cxx_right_angle_brackets
    Feature record: CXX_FEATURE:1cxx_rvalue_references
    Feature record: CXX_FEATURE:1cxx_sizeof_member
    Feature record: CXX_FEATURE:1cxx_static_assert
    Feature record: CXX_FEATURE:1cxx_strong_enums
    Feature record: CXX_FEATURE:1cxx_template_template_parameters
    Feature record: CXX_FEATURE:0cxx_thread_local
    Feature record: CXX_FEATURE:1cxx_trailing_return_types
    Feature record: CXX_FEATURE:1cxx_unicode_literals
    Feature record: CXX_FEATURE:1cxx_uniform_initialization
    Feature record: CXX_FEATURE:1cxx_unrestricted_unions
    Feature record: CXX_FEATURE:1cxx_user_literals
    Feature record: CXX_FEATURE:1cxx_variable_templates
    Feature record: CXX_FEATURE:1cxx_variadic_macros
    Feature record: CXX_FEATURE:1cxx_variadic_templates


Detecting CXX [-std=c++11] compiler features compiled with the following output:
Change Dir: /Users/arunporuri/Desktop/Face_match/cv_static/opencv-2.4.13/CMakeFiles/CMakeTmp

Run Build Command:"/usr/bin/make" "cmTC_63a03/fast"
/Applications/Xcode.app/Contents/Developer/usr/bin/make -f CMakeFiles/cmTC_63a03.dir/build.make CMakeFiles/cmTC_63a03.dir/build
Building CXX object CMakeFiles/cmTC_63a03.dir/feature_tests.cxx.o
/Applications/Xcode.app/Contents/Developer/Toolchains/XcodeDefault.xctoolchain/usr/bin/c++     -isysroot /Applications/Xcode.app/Contents/Developer/Platforms/MacOSX.platform/Developer/SDKs/MacOSX10.11.sdk   -std=c++11 -o CMakeFiles/cmTC_63a03.dir/feature_tests.cxx.o -c /Users/arunporuri/Desktop/Face_match/cv_static/opencv-2.4.13/CMakeFiles/feature_tests.cxx
Linking CXX executable cmTC_63a03
/usr/local/Cellar/cmake/3.6.1/bin/cmake -E cmake_link_script CMakeFiles/cmTC_63a03.dir/link.txt --verbose=1
/Applications/Xcode.app/Contents/Developer/Toolchains/XcodeDefault.xctoolchain/usr/bin/c++     -isysroot /Applications/Xcode.app/Contents/Developer/Platforms/MacOSX.platform/Developer/SDKs/MacOSX10.11.sdk -Wl,-search_paths_first -Wl,-headerpad_max_install_names   CMakeFiles/cmTC_63a03.dir/feature_tests.cxx.o  -o cmTC_63a03  


    Feature record: CXX_FEATURE:0cxx_aggregate_default_initializers
    Feature record: CXX_FEATURE:1cxx_alias_templates
    Feature record: CXX_FEATURE:1cxx_alignas
    Feature record: CXX_FEATURE:1cxx_alignof
    Feature record: CXX_FEATURE:1cxx_attributes
    Feature record: CXX_FEATURE:0cxx_attribute_deprecated
    Feature record: CXX_FEATURE:1cxx_auto_type
    Feature record: CXX_FEATURE:0cxx_binary_literals
    Feature record: CXX_FEATURE:1cxx_constexpr
    Feature record: CXX_FEATURE:0cxx_contextual_conversions
    Feature record: CXX_FEATURE:1cxx_decltype
    Feature record: CXX_FEATURE:0cxx_decltype_auto
    Feature record: CXX_FEATURE:1cxx_decltype_incomplete_return_types
    Feature record: CXX_FEATURE:1cxx_default_function_template_args
    Feature record: CXX_FEATURE:1cxx_defaulted_functions
    Feature record: CXX_FEATURE:1cxx_defaulted_move_initializers
    Feature record: CXX_FEATURE:1cxx_delegating_constructors
    Feature record: CXX_FEATURE:1cxx_deleted_functions
    Feature record: CXX_FEATURE:0cxx_digit_separators
    Feature record: CXX_FEATURE:1cxx_enum_forward_declarations
    Feature record: CXX_FEATURE:1cxx_explicit_conversions
    Feature record: CXX_FEATURE:1cxx_extended_friend_declarations
    Feature record: CXX_FEATURE:1cxx_extern_templates
    Feature record: CXX_FEATURE:1cxx_final
    Feature record: CXX_FEATURE:1cxx_func_identifier
    Feature record: CXX_FEATURE:1cxx_generalized_initializers
    Feature record: CXX_FEATURE:0cxx_generic_lambdas
    Feature record: CXX_FEATURE:1cxx_inheriting_constructors
    Feature record: CXX_FEATURE:1cxx_inline_namespaces
    Feature record: CXX_FEATURE:1cxx_lambdas
    Feature record: CXX_FEATURE:0cxx_lambda_init_captures
    Feature record: CXX_FEATURE:1cxx_local_type_template_args
    Feature record: CXX_FEATURE:1cxx_long_long_type
    Feature record: CXX_FEATURE:1cxx_noexcept
    Feature record: CXX_FEATURE:1cxx_nonstatic_member_init
    Feature record: CXX_FEATURE:1cxx_nullptr
    Feature record: CXX_FEATURE:1cxx_override
    Feature record: CXX_FEATURE:1cxx_range_for
    Feature record: CXX_FEATURE:1cxx_raw_string_literals
    Feature record: CXX_FEATURE:1cxx_reference_qualified_functions
    Feature record: CXX_FEATURE:0cxx_relaxed_constexpr
    Feature record: CXX_FEATURE:0cxx_return_type_deduction
    Feature record: CXX_FEATURE:1cxx_right_angle_brackets
    Feature record: CXX_FEATURE:1cxx_rvalue_references
    Feature record: CXX_FEATURE:1cxx_sizeof_member
    Feature record: CXX_FEATURE:1cxx_static_assert
    Feature record: CXX_FEATURE:1cxx_strong_enums
    Feature record: CXX_FEATURE:1cxx_template_template_parameters
    Feature record: CXX_FEATURE:0cxx_thread_local
    Feature record: CXX_FEATURE:1cxx_trailing_return_types
    Feature record: CXX_FEATURE:1cxx_unicode_literals
    Feature record: CXX_FEATURE:1cxx_uniform_initialization
    Feature record: CXX_FEATURE:1cxx_unrestricted_unions
    Feature record: CXX_FEATURE:1cxx_user_literals
    Feature record: CXX_FEATURE:0cxx_variable_templates
    Feature record: CXX_FEATURE:1cxx_variadic_macros
    Feature record: CXX_FEATURE:1cxx_variadic_templates


Detecting CXX [-std=c++98] compiler features compiled with the following output:
Change Dir: /Users/arunporuri/Desktop/Face_match/cv_static/opencv-2.4.13/CMakeFiles/CMakeTmp

Run Build Command:"/usr/bin/make" "cmTC_a35e3/fast"
/Applications/Xcode.app/Contents/Developer/usr/bin/make -f CMakeFiles/cmTC_a35e3.dir/build.make CMakeFiles/cmTC_a35e3.dir/build
Building CXX object CMakeFiles/cmTC_a35e3.dir/feature_tests.cxx.o
/Applications/Xcode.app/Contents/Developer/Toolchains/XcodeDefault.xctoolchain/usr/bin/c++     -isysroot /Applications/Xcode.app/Contents/Developer/Platforms/MacOSX.platform/Developer/SDKs/MacOSX10.11.sdk   -std=c++98 -o CMakeFiles/cmTC_a35e3.dir/feature_tests.cxx.o -c /Users/arunporuri/Desktop/Face_match/cv_static/opencv-2.4.13/CMakeFiles/feature_tests.cxx
Linking CXX executable cmTC_a35e3
/usr/local/Cellar/cmake/3.6.1/bin/cmake -E cmake_link_script CMakeFiles/cmTC_a35e3.dir/link.txt --verbose=1
/Applications/Xcode.app/Contents/Developer/Toolchains/XcodeDefault.xctoolchain/usr/bin/c++     -isysroot /Applications/Xcode.app/Contents/Developer/Platforms/MacOSX.platform/Developer/SDKs/MacOSX10.11.sdk -Wl,-search_paths_first -Wl,-headerpad_max_install_names   CMakeFiles/cmTC_a35e3.dir/feature_tests.cxx.o  -o cmTC_a35e3  


    Feature record: CXX_FEATURE:0cxx_aggregate_default_initializers
    Feature record: CXX_FEATURE:0cxx_alias_templates
    Feature record: CXX_FEATURE:0cxx_alignas
    Feature record: CXX_FEATURE:0cxx_alignof
    Feature record: CXX_FEATURE:0cxx_attributes
    Feature record: CXX_FEATURE:0cxx_attribute_deprecated
    Feature record: CXX_FEATURE:0cxx_auto_type
    Feature record: CXX_FEATURE:0cxx_binary_literals
    Feature record: CXX_FEATURE:0cxx_constexpr
    Feature record: CXX_FEATURE:0cxx_contextual_conversions
    Feature record: CXX_FEATURE:0cxx_decltype
    Feature record: CXX_FEATURE:0cxx_decltype_auto
    Feature record: CXX_FEATURE:0cxx_decltype_incomplete_return_types
    Feature record: CXX_FEATURE:0cxx_default_function_template_args
    Feature record: CXX_FEATURE:0cxx_defaulted_functions
    Feature record: CXX_FEATURE:0cxx_defaulted_move_initializers
    Feature record: CXX_FEATURE:0cxx_delegating_constructors
    Feature record: CXX_FEATURE:0cxx_deleted_functions
    Feature record: CXX_FEATURE:0cxx_digit_separators
    Feature record: CXX_FEATURE:0cxx_enum_forward_declarations
    Feature record: CXX_FEATURE:0cxx_explicit_conversions
    Feature record: CXX_FEATURE:0cxx_extended_friend_declarations
    Feature record: CXX_FEATURE:0cxx_extern_templates
    Feature record: CXX_FEATURE:0cxx_final
    Feature record: CXX_FEATURE:0cxx_func_identifier
    Feature record: CXX_FEATURE:0cxx_generalized_initializers
    Feature record: CXX_FEATURE:0cxx_generic_lambdas
    Feature record: CXX_FEATURE:0cxx_inheriting_constructors
    Feature record: CXX_FEATURE:0cxx_inline_namespaces
    Feature record: CXX_FEATURE:0cxx_lambdas
    Feature record: CXX_FEATURE:0cxx_lambda_init_captures
    Feature record: CXX_FEATURE:0cxx_local_type_template_args
    Feature record: CXX_FEATURE:0cxx_long_long_type
    Feature record: CXX_FEATURE:0cxx_noexcept
    Feature record: CXX_FEATURE:0cxx_nonstatic_member_init
    Feature record: CXX_FEATURE:0cxx_nullptr
    Feature record: CXX_FEATURE:0cxx_override
    Feature record: CXX_FEATURE:0cxx_range_for
    Feature record: CXX_FEATURE:0cxx_raw_string_literals
    Feature record: CXX_FEATURE:0cxx_reference_qualified_functions
    Feature record: CXX_FEATURE:0cxx_relaxed_constexpr
    Feature record: CXX_FEATURE:0cxx_return_type_deduction
    Feature record: CXX_FEATURE:0cxx_right_angle_brackets
    Feature record: CXX_FEATURE:0cxx_rvalue_references
    Feature record: CXX_FEATURE:0cxx_sizeof_member
    Feature record: CXX_FEATURE:0cxx_static_assert
    Feature record: CXX_FEATURE:0cxx_strong_enums
    Feature record: CXX_FEATURE:1cxx_template_template_parameters
    Feature record: CXX_FEATURE:0cxx_thread_local
    Feature record: CXX_FEATURE:0cxx_trailing_return_types
    Feature record: CXX_FEATURE:0cxx_unicode_literals
    Feature record: CXX_FEATURE:0cxx_uniform_initialization
    Feature record: CXX_FEATURE:0cxx_unrestricted_unions
    Feature record: CXX_FEATURE:0cxx_user_literals
    Feature record: CXX_FEATURE:0cxx_variable_templates
    Feature record: CXX_FEATURE:0cxx_variadic_macros
    Feature record: CXX_FEATURE:0cxx_variadic_templates
Determining if the C compiler works passed with the following output:
Change Dir: /Users/arunporuri/Desktop/Face_match/cv_static/opencv-2.4.13/CMakeFiles/CMakeTmp

Run Build Command:"/usr/bin/make" "cmTC_eb4fb/fast"
/Applications/Xcode.app/Contents/Developer/usr/bin/make -f CMakeFiles/cmTC_eb4fb.dir/build.make CMakeFiles/cmTC_eb4fb.dir/build
Building C object CMakeFiles/cmTC_eb4fb.dir/testCCompiler.c.o
/Applications/Xcode.app/Contents/Developer/Toolchains/XcodeDefault.xctoolchain/usr/bin/cc    -isysroot /Applications/Xcode.app/Contents/Developer/Platforms/MacOSX.platform/Developer/SDKs/MacOSX10.11.sdk   -o CMakeFiles/cmTC_eb4fb.dir/testCCompiler.c.o   -c /Users/arunporuri/Desktop/Face_match/cv_static/opencv-2.4.13/CMakeFiles/CMakeTmp/testCCompiler.c
Linking C executable cmTC_eb4fb
/usr/local/Cellar/cmake/3.6.1/bin/cmake -E cmake_link_script CMakeFiles/cmTC_eb4fb.dir/link.txt --verbose=1
/Applications/Xcode.app/Contents/Developer/Toolchains/XcodeDefault.xctoolchain/usr/bin/cc    -isysroot /Applications/Xcode.app/Contents/Developer/Platforms/MacOSX.platform/Developer/SDKs/MacOSX10.11.sdk -Wl,-search_paths_first -Wl,-headerpad_max_install_names   CMakeFiles/cmTC_eb4fb.dir/testCCompiler.c.o  -o cmTC_eb4fb  


Detecting C compiler ABI info compiled with the following output:
Change Dir: /Users/arunporuri/Desktop/Face_match/cv_static/opencv-2.4.13/CMakeFiles/CMakeTmp

Run Build Command:"/usr/bin/make" "cmTC_a20f0/fast"
/Applications/Xcode.app/Contents/Developer/usr/bin/make -f CMakeFiles/cmTC_a20f0.dir/build.make CMakeFiles/cmTC_a20f0.dir/build
Building C object CMakeFiles/cmTC_a20f0.dir/CMakeCCompilerABI.c.o
/Applications/Xcode.app/Contents/Developer/Toolchains/XcodeDefault.xctoolchain/usr/bin/cc    -isysroot /Applications/Xcode.app/Contents/Developer/Platforms/MacOSX.platform/Developer/SDKs/MacOSX10.11.sdk   -o CMakeFiles/cmTC_a20f0.dir/CMakeCCompilerABI.c.o   -c /usr/local/Cellar/cmake/3.6.1/share/cmake/Modules/CMakeCCompilerABI.c
Linking C executable cmTC_a20f0
/usr/local/Cellar/cmake/3.6.1/bin/cmake -E cmake_link_script CMakeFiles/cmTC_a20f0.dir/link.txt --verbose=1
/Applications/Xcode.app/Contents/Developer/Toolchains/XcodeDefault.xctoolchain/usr/bin/cc    -isysroot /Applications/Xcode.app/Contents/Developer/Platforms/MacOSX.platform/Developer/SDKs/MacOSX10.11.sdk -Wl,-search_paths_first -Wl,-headerpad_max_install_names  -v -Wl,-v CMakeFiles/cmTC_a20f0.dir/CMakeCCompilerABI.c.o  -o cmTC_a20f0   
Apple LLVM version 7.3.0 (clang-703.0.31)
Target: x86_64-apple-darwin15.0.0
Thread model: posix
InstalledDir: /Applications/Xcode.app/Contents/Developer/Toolchains/XcodeDefault.xctoolchain/usr/bin
 "/Applications/Xcode.app/Contents/Developer/Toolchains/XcodeDefault.xctoolchain/usr/bin/ld" -demangle -dynamic -arch x86_64 -macosx_version_min 10.11.0 -syslibroot /Applications/Xcode.app/Contents/Developer/Platforms/MacOSX.platform/Developer/SDKs/MacOSX10.11.sdk -o cmTC_a20f0 -search_paths_first -headerpad_max_install_names -v CMakeFiles/cmTC_a20f0.dir/CMakeCCompilerABI.c.o -lSystem /Applications/Xcode.app/Contents/Developer/Toolchains/XcodeDefault.xctoolchain/usr/bin/../lib/clang/7.3.0/lib/darwin/libclang_rt.osx.a
@(#)PROGRAM:ld  PROJECT:ld64-264.3.102
configured to support archs: armv6 armv7 armv7s arm64 i386 x86_64 x86_64h armv6m armv7k armv7m armv7em (tvOS)
Library search paths:
	/Applications/Xcode.app/Contents/Developer/Platforms/MacOSX.platform/Developer/SDKs/MacOSX10.11.sdk/usr/lib
Framework search paths:
	/Applications/Xcode.app/Contents/Developer/Platforms/MacOSX.platform/Developer/SDKs/MacOSX10.11.sdk/System/Library/Frameworks/


Parsed C implicit link information from above output:
  link line regex: [^( *|.*[/\])(ld|([^/\]+-)?ld|collect2)[^/\]*( |$)]
  ignore line: [Change Dir: /Users/arunporuri/Desktop/Face_match/cv_static/opencv-2.4.13/CMakeFiles/CMakeTmp]
  ignore line: []
  ignore line: [Run Build Command:"/usr/bin/make" "cmTC_a20f0/fast"]
  ignore line: [/Applications/Xcode.app/Contents/Developer/usr/bin/make -f CMakeFiles/cmTC_a20f0.dir/build.make CMakeFiles/cmTC_a20f0.dir/build]
  ignore line: [Building C object CMakeFiles/cmTC_a20f0.dir/CMakeCCompilerABI.c.o]
  ignore line: [/Applications/Xcode.app/Contents/Developer/Toolchains/XcodeDefault.xctoolchain/usr/bin/cc    -isysroot /Applications/Xcode.app/Contents/Developer/Platforms/MacOSX.platform/Developer/SDKs/MacOSX10.11.sdk   -o CMakeFiles/cmTC_a20f0.dir/CMakeCCompilerABI.c.o   -c /usr/local/Cellar/cmake/3.6.1/share/cmake/Modules/CMakeCCompilerABI.c]
  ignore line: [Linking C executable cmTC_a20f0]
  ignore line: [/usr/local/Cellar/cmake/3.6.1/bin/cmake -E cmake_link_script CMakeFiles/cmTC_a20f0.dir/link.txt --verbose=1]
  ignore line: [/Applications/Xcode.app/Contents/Developer/Toolchains/XcodeDefault.xctoolchain/usr/bin/cc    -isysroot /Applications/Xcode.app/Contents/Developer/Platforms/MacOSX.platform/Developer/SDKs/MacOSX10.11.sdk -Wl,-search_paths_first -Wl,-headerpad_max_install_names  -v -Wl,-v CMakeFiles/cmTC_a20f0.dir/CMakeCCompilerABI.c.o  -o cmTC_a20f0   ]
  ignore line: [Apple LLVM version 7.3.0 (clang-703.0.31)]
  ignore line: [Target: x86_64-apple-darwin15.0.0]
  ignore line: [Thread model: posix]
  ignore line: [InstalledDir: /Applications/Xcode.app/Contents/Developer/Toolchains/XcodeDefault.xctoolchain/usr/bin]
  link line: [ "/Applications/Xcode.app/Contents/Developer/Toolchains/XcodeDefault.xctoolchain/usr/bin/ld" -demangle -dynamic -arch x86_64 -macosx_version_min 10.11.0 -syslibroot /Applications/Xcode.app/Contents/Developer/Platforms/MacOSX.platform/Developer/SDKs/MacOSX10.11.sdk -o cmTC_a20f0 -search_paths_first -headerpad_max_install_names -v CMakeFiles/cmTC_a20f0.dir/CMakeCCompilerABI.c.o -lSystem /Applications/Xcode.app/Contents/Developer/Toolchains/XcodeDefault.xctoolchain/usr/bin/../lib/clang/7.3.0/lib/darwin/libclang_rt.osx.a]
    arg [/Applications/Xcode.app/Contents/Developer/Toolchains/XcodeDefault.xctoolchain/usr/bin/ld] ==> ignore
    arg [-demangle] ==> ignore
    arg [-dynamic] ==> ignore
    arg [-arch] ==> ignore
    arg [x86_64] ==> ignore
    arg [-macosx_version_min] ==> ignore
    arg [10.11.0] ==> ignore
    arg [-syslibroot] ==> ignore
    arg [/Applications/Xcode.app/Contents/Developer/Platforms/MacOSX.platform/Developer/SDKs/MacOSX10.11.sdk] ==> ignore
    arg [-o] ==> ignore
    arg [cmTC_a20f0] ==> ignore
    arg [-search_paths_first] ==> ignore
    arg [-headerpad_max_install_names] ==> ignore
    arg [-v] ==> ignore
    arg [CMakeFiles/cmTC_a20f0.dir/CMakeCCompilerABI.c.o] ==> ignore
    arg [-lSystem] ==> lib [System]
    arg [/Applications/Xcode.app/Contents/Developer/Toolchains/XcodeDefault.xctoolchain/usr/bin/../lib/clang/7.3.0/lib/darwin/libclang_rt.osx.a] ==> lib [/Applications/Xcode.app/Contents/Developer/Toolchains/XcodeDefault.xctoolchain/usr/bin/../lib/clang/7.3.0/lib/darwin/libclang_rt.osx.a]
  Library search paths: [;/Applications/Xcode.app/Contents/Developer/Platforms/MacOSX.platform/Developer/SDKs/MacOSX10.11.sdk/usr/lib]
  Framework search paths: [;/Applications/Xcode.app/Contents/Developer/Platforms/MacOSX.platform/Developer/SDKs/MacOSX10.11.sdk/System/Library/Frameworks/]
  remove lib [System]
  collapse lib [/Applications/Xcode.app/Contents/Developer/Toolchains/XcodeDefault.xctoolchain/usr/bin/../lib/clang/7.3.0/lib/darwin/libclang_rt.osx.a] ==> [/Applications/Xcode.app/Contents/Developer/Toolchains/XcodeDefault.xctoolchain/usr/lib/clang/7.3.0/lib/darwin/libclang_rt.osx.a]
  collapse library dir [/Applications/Xcode.app/Contents/Developer/Platforms/MacOSX.platform/Developer/SDKs/MacOSX10.11.sdk/usr/lib] ==> [/Applications/Xcode.app/Contents/Developer/Platforms/MacOSX.platform/Developer/SDKs/MacOSX10.11.sdk/usr/lib]
  collapse framework dir [/Applications/Xcode.app/Contents/Developer/Platforms/MacOSX.platform/Developer/SDKs/MacOSX10.11.sdk/System/Library/Frameworks/] ==> [/Applications/Xcode.app/Contents/Developer/Platforms/MacOSX.platform/Developer/SDKs/MacOSX10.11.sdk/System/Library/Frameworks]
  implicit libs: [/Applications/Xcode.app/Contents/Developer/Toolchains/XcodeDefault.xctoolchain/usr/lib/clang/7.3.0/lib/darwin/libclang_rt.osx.a]
  implicit dirs: [/Applications/Xcode.app/Contents/Developer/Platforms/MacOSX.platform/Developer/SDKs/MacOSX10.11.sdk/usr/lib]
  implicit fwks: [/Applications/Xcode.app/Contents/Developer/Platforms/MacOSX.platform/Developer/SDKs/MacOSX10.11.sdk/System/Library/Frameworks]




Detecting C [-std=c11] compiler features compiled with the following output:
Change Dir: /Users/arunporuri/Desktop/Face_match/cv_static/opencv-2.4.13/CMakeFiles/CMakeTmp

Run Build Command:"/usr/bin/make" "cmTC_0da22/fast"
/Applications/Xcode.app/Contents/Developer/usr/bin/make -f CMakeFiles/cmTC_0da22.dir/build.make CMakeFiles/cmTC_0da22.dir/build
Building C object CMakeFiles/cmTC_0da22.dir/feature_tests.c.o
/Applications/Xcode.app/Contents/Developer/Toolchains/XcodeDefault.xctoolchain/usr/bin/cc    -isysroot /Applications/Xcode.app/Contents/Developer/Platforms/MacOSX.platform/Developer/SDKs/MacOSX10.11.sdk   -std=c11 -o CMakeFiles/cmTC_0da22.dir/feature_tests.c.o   -c /Users/arunporuri/Desktop/Face_match/cv_static/opencv-2.4.13/CMakeFiles/feature_tests.c
Linking C executable cmTC_0da22
/usr/local/Cellar/cmake/3.6.1/bin/cmake -E cmake_link_script CMakeFiles/cmTC_0da22.dir/link.txt --verbose=1
/Applications/Xcode.app/Contents/Developer/Toolchains/XcodeDefault.xctoolchain/usr/bin/cc    -isysroot /Applications/Xcode.app/Contents/Developer/Platforms/MacOSX.platform/Developer/SDKs/MacOSX10.11.sdk -Wl,-search_paths_first -Wl,-headerpad_max_install_names   CMakeFiles/cmTC_0da22.dir/feature_tests.c.o  -o cmTC_0da22  


    Feature record: C_FEATURE:1c_function_prototypes
    Feature record: C_FEATURE:1c_restrict
    Feature record: C_FEATURE:1c_static_assert
    Feature record: C_FEATURE:1c_variadic_macros


Detecting C [-std=c99] compiler features compiled with the following output:
Change Dir: /Users/arunporuri/Desktop/Face_match/cv_static/opencv-2.4.13/CMakeFiles/CMakeTmp

Run Build Command:"/usr/bin/make" "cmTC_ecc6d/fast"
/Applications/Xcode.app/Contents/Developer/usr/bin/make -f CMakeFiles/cmTC_ecc6d.dir/build.make CMakeFiles/cmTC_ecc6d.dir/build
Building C object CMakeFiles/cmTC_ecc6d.dir/feature_tests.c.o
/Applications/Xcode.app/Contents/Developer/Toolchains/XcodeDefault.xctoolchain/usr/bin/cc    -isysroot /Applications/Xcode.app/Contents/Developer/Platforms/MacOSX.platform/Developer/SDKs/MacOSX10.11.sdk   -std=c99 -o CMakeFiles/cmTC_ecc6d.dir/feature_tests.c.o   -c /Users/arunporuri/Desktop/Face_match/cv_static/opencv-2.4.13/CMakeFiles/feature_tests.c
Linking C executable cmTC_ecc6d
/usr/local/Cellar/cmake/3.6.1/bin/cmake -E cmake_link_script CMakeFiles/cmTC_ecc6d.dir/link.txt --verbose=1
/Applications/Xcode.app/Contents/Developer/Toolchains/XcodeDefault.xctoolchain/usr/bin/cc    -isysroot /Applications/Xcode.app/Contents/Developer/Platforms/MacOSX.platform/Developer/SDKs/MacOSX10.11.sdk -Wl,-search_paths_first -Wl,-headerpad_max_install_names   CMakeFiles/cmTC_ecc6d.dir/feature_tests.c.o  -o cmTC_ecc6d  


    Feature record: C_FEATURE:1c_function_prototypes
    Feature record: C_FEATURE:1c_restrict
    Feature record: C_FEATURE:0c_static_assert
    Feature record: C_FEATURE:1c_variadic_macros


Detecting C [-std=c90] compiler features compiled with the following output:
Change Dir: /Users/arunporuri/Desktop/Face_match/cv_static/opencv-2.4.13/CMakeFiles/CMakeTmp

Run Build Command:"/usr/bin/make" "cmTC_bbeed/fast"
/Applications/Xcode.app/Contents/Developer/usr/bin/make -f CMakeFiles/cmTC_bbeed.dir/build.make CMakeFiles/cmTC_bbeed.dir/build
Building C object CMakeFiles/cmTC_bbeed.dir/feature_tests.c.o
/Applications/Xcode.app/Contents/Developer/Toolchains/XcodeDefault.xctoolchain/usr/bin/cc    -isysroot /Applications/Xcode.app/Contents/Developer/Platforms/MacOSX.platform/Developer/SDKs/MacOSX10.11.sdk   -std=c90 -o CMakeFiles/cmTC_bbeed.dir/feature_tests.c.o   -c /Users/arunporuri/Desktop/Face_match/cv_static/opencv-2.4.13/CMakeFiles/feature_tests.c
Linking C executable cmTC_bbeed
/usr/local/Cellar/cmake/3.6.1/bin/cmake -E cmake_link_script CMakeFiles/cmTC_bbeed.dir/link.txt --verbose=1
/Applications/Xcode.app/Contents/Developer/Toolchains/XcodeDefault.xctoolchain/usr/bin/cc    -isysroot /Applications/Xcode.app/Contents/Developer/Platforms/MacOSX.platform/Developer/SDKs/MacOSX10.11.sdk -Wl,-search_paths_first -Wl,-headerpad_max_install_names   CMakeFiles/cmTC_bbeed.dir/feature_tests.c.o  -o cmTC_bbeed  


    Feature record: C_FEATURE:1c_function_prototypes
    Feature record: C_FEATURE:0c_restrict
    Feature record: C_FEATURE:0c_static_assert
    Feature record: C_FEATURE:0c_variadic_macros
Determining if the include file sys/types.h exists passed with the following output:
Change Dir: /Users/arunporuri/Desktop/Face_match/cv_static/opencv-2.4.13/CMakeFiles/CMakeTmp

Run Build Command:"/usr/bin/make" "cmTC_9928d/fast"
/Applications/Xcode.app/Contents/Developer/usr/bin/make -f CMakeFiles/cmTC_9928d.dir/build.make CMakeFiles/cmTC_9928d.dir/build
Building C object CMakeFiles/cmTC_9928d.dir/CheckIncludeFile.c.o
/Applications/Xcode.app/Contents/Developer/Toolchains/XcodeDefault.xctoolchain/usr/bin/cc    -fPIC   -fsigned-char -W -Werror=return-type -Werror=address -Werror=sequence-point -Wformat -Werror=format-security -Wmissing-declarations -Wmissing-prototypes -Wstrict-prototypes -Wundef -Winit-self -Wpointer-arith -Wshadow -Wsign-promo -Wno-narrowing -Wno-delete-non-virtual-dtor -Wno-unnamed-type-template-args -Wno-array-bounds -fdiagnostics-show-option -Wno-long-long -Wno-semicolon-before-method-body -fno-omit-frame-pointer -msse -msse2 -msse3  -O3 -DNDEBUG -isysroot /Applications/Xcode.app/Contents/Developer/Platforms/MacOSX.platform/Developer/SDKs/MacOSX10.11.sdk   -o CMakeFiles/cmTC_9928d.dir/CheckIncludeFile.c.o   -c /Users/arunporuri/Desktop/Face_match/cv_static/opencv-2.4.13/CMakeFiles/CMakeTmp/CheckIncludeFile.c
Linking C executable cmTC_9928d
/usr/local/Cellar/cmake/3.6.1/bin/cmake -E cmake_link_script CMakeFiles/cmTC_9928d.dir/link.txt --verbose=1
/Applications/Xcode.app/Contents/Developer/Toolchains/XcodeDefault.xctoolchain/usr/bin/cc   -fPIC   -fsigned-char -W -Werror=return-type -Werror=address -Werror=sequence-point -Wformat -Werror=format-security -Wmissing-declarations -Wmissing-prototypes -Wstrict-prototypes -Wundef -Winit-self -Wpointer-arith -Wshadow -Wsign-promo -Wno-narrowing -Wno-delete-non-virtual-dtor -Wno-unnamed-type-template-args -Wno-array-bounds -fdiagnostics-show-option -Wno-long-long -Wno-semicolon-before-method-body -fno-omit-frame-pointer -msse -msse2 -msse3  -O3 -DNDEBUG -isysroot /Applications/Xcode.app/Contents/Developer/Platforms/MacOSX.platform/Developer/SDKs/MacOSX10.11.sdk -Wl,-search_paths_first -Wl,-headerpad_max_install_names   CMakeFiles/cmTC_9928d.dir/CheckIncludeFile.c.o  -o cmTC_9928d  


Determining if the include file stdint.h exists passed with the following output:
Change Dir: /Users/arunporuri/Desktop/Face_match/cv_static/opencv-2.4.13/CMakeFiles/CMakeTmp

Run Build Command:"/usr/bin/make" "cmTC_4250f/fast"
/Applications/Xcode.app/Contents/Developer/usr/bin/make -f CMakeFiles/cmTC_4250f.dir/build.make CMakeFiles/cmTC_4250f.dir/build
Building C object CMakeFiles/cmTC_4250f.dir/CheckIncludeFile.c.o
/Applications/Xcode.app/Contents/Developer/Toolchains/XcodeDefault.xctoolchain/usr/bin/cc    -fPIC   -fsigned-char -W -Werror=return-type -Werror=address -Werror=sequence-point -Wformat -Werror=format-security -Wmissing-declarations -Wmissing-prototypes -Wstrict-prototypes -Wundef -Winit-self -Wpointer-arith -Wshadow -Wsign-promo -Wno-narrowing -Wno-delete-non-virtual-dtor -Wno-unnamed-type-template-args -Wno-array-bounds -fdiagnostics-show-option -Wno-long-long -Wno-semicolon-before-method-body -fno-omit-frame-pointer -msse -msse2 -msse3  -O3 -DNDEBUG -isysroot /Applications/Xcode.app/Contents/Developer/Platforms/MacOSX.platform/Developer/SDKs/MacOSX10.11.sdk   -o CMakeFiles/cmTC_4250f.dir/CheckIncludeFile.c.o   -c /Users/arunporuri/Desktop/Face_match/cv_static/opencv-2.4.13/CMakeFiles/CMakeTmp/CheckIncludeFile.c
Linking C executable cmTC_4250f
/usr/local/Cellar/cmake/3.6.1/bin/cmake -E cmake_link_script CMakeFiles/cmTC_4250f.dir/link.txt --verbose=1
/Applications/Xcode.app/Contents/Developer/Toolchains/XcodeDefault.xctoolchain/usr/bin/cc   -fPIC   -fsigned-char -W -Werror=return-type -Werror=address -Werror=sequence-point -Wformat -Werror=format-security -Wmissing-declarations -Wmissing-prototypes -Wstrict-prototypes -Wundef -Winit-self -Wpointer-arith -Wshadow -Wsign-promo -Wno-narrowing -Wno-delete-non-virtual-dtor -Wno-unnamed-type-template-args -Wno-array-bounds -fdiagnostics-show-option -Wno-long-long -Wno-semicolon-before-method-body -fno-omit-frame-pointer -msse -msse2 -msse3  -O3 -DNDEBUG -isysroot /Applications/Xcode.app/Contents/Developer/Platforms/MacOSX.platform/Developer/SDKs/MacOSX10.11.sdk -Wl,-search_paths_first -Wl,-headerpad_max_install_names   CMakeFiles/cmTC_4250f.dir/CheckIncludeFile.c.o  -o cmTC_4250f  


Determining if the include file stddef.h exists passed with the following output:
Change Dir: /Users/arunporuri/Desktop/Face_match/cv_static/opencv-2.4.13/CMakeFiles/CMakeTmp

Run Build Command:"/usr/bin/make" "cmTC_57b2b/fast"
/Applications/Xcode.app/Contents/Developer/usr/bin/make -f CMakeFiles/cmTC_57b2b.dir/build.make CMakeFiles/cmTC_57b2b.dir/build
Building C object CMakeFiles/cmTC_57b2b.dir/CheckIncludeFile.c.o
/Applications/Xcode.app/Contents/Developer/Toolchains/XcodeDefault.xctoolchain/usr/bin/cc    -fPIC   -fsigned-char -W -Werror=return-type -Werror=address -Werror=sequence-point -Wformat -Werror=format-security -Wmissing-declarations -Wmissing-prototypes -Wstrict-prototypes -Wundef -Winit-self -Wpointer-arith -Wshadow -Wsign-promo -Wno-narrowing -Wno-delete-non-virtual-dtor -Wno-unnamed-type-template-args -Wno-array-bounds -fdiagnostics-show-option -Wno-long-long -Wno-semicolon-before-method-body -fno-omit-frame-pointer -msse -msse2 -msse3  -O3 -DNDEBUG -isysroot /Applications/Xcode.app/Contents/Developer/Platforms/MacOSX.platform/Developer/SDKs/MacOSX10.11.sdk   -o CMakeFiles/cmTC_57b2b.dir/CheckIncludeFile.c.o   -c /Users/arunporuri/Desktop/Face_match/cv_static/opencv-2.4.13/CMakeFiles/CMakeTmp/CheckIncludeFile.c
Linking C executable cmTC_57b2b
/usr/local/Cellar/cmake/3.6.1/bin/cmake -E cmake_link_script CMakeFiles/cmTC_57b2b.dir/link.txt --verbose=1
/Applications/Xcode.app/Contents/Developer/Toolchains/XcodeDefault.xctoolchain/usr/bin/cc   -fPIC   -fsigned-char -W -Werror=return-type -Werror=address -Werror=sequence-point -Wformat -Werror=format-security -Wmissing-declarations -Wmissing-prototypes -Wstrict-prototypes -Wundef -Winit-self -Wpointer-arith -Wshadow -Wsign-promo -Wno-narrowing -Wno-delete-non-virtual-dtor -Wno-unnamed-type-template-args -Wno-array-bounds -fdiagnostics-show-option -Wno-long-long -Wno-semicolon-before-method-body -fno-omit-frame-pointer -msse -msse2 -msse3  -O3 -DNDEBUG -isysroot /Applications/Xcode.app/Contents/Developer/Platforms/MacOSX.platform/Developer/SDKs/MacOSX10.11.sdk -Wl,-search_paths_first -Wl,-headerpad_max_install_names   CMakeFiles/cmTC_57b2b.dir/CheckIncludeFile.c.o  -o cmTC_57b2b  


Determining size of unsigned short passed with the following output:
Change Dir: /Users/arunporuri/Desktop/Face_match/cv_static/opencv-2.4.13/CMakeFiles/CMakeTmp

Run Build Command:"/usr/bin/make" "cmTC_bcab6/fast"
/Applications/Xcode.app/Contents/Developer/usr/bin/make -f CMakeFiles/cmTC_bcab6.dir/build.make CMakeFiles/cmTC_bcab6.dir/build
Building C object CMakeFiles/cmTC_bcab6.dir/CMAKE_SIZEOF_UNSIGNED_SHORT.c.o
/Applications/Xcode.app/Contents/Developer/Toolchains/XcodeDefault.xctoolchain/usr/bin/cc    -fPIC   -fsigned-char -W -Werror=return-type -Werror=address -Werror=sequence-point -Wformat -Werror=format-security -Wmissing-declarations -Wmissing-prototypes -Wstrict-prototypes -Wundef -Winit-self -Wpointer-arith -Wshadow -Wsign-promo -Wno-narrowing -Wno-delete-non-virtual-dtor -Wno-unnamed-type-template-args -Wno-array-bounds -fdiagnostics-show-option -Wno-long-long -Wno-semicolon-before-method-body -fno-omit-frame-pointer -msse -msse2 -msse3  -O3 -DNDEBUG -isysroot /Applications/Xcode.app/Contents/Developer/Platforms/MacOSX.platform/Developer/SDKs/MacOSX10.11.sdk   -o CMakeFiles/cmTC_bcab6.dir/CMAKE_SIZEOF_UNSIGNED_SHORT.c.o   -c /Users/arunporuri/Desktop/Face_match/cv_static/opencv-2.4.13/CMakeFiles/CheckTypeSize/CMAKE_SIZEOF_UNSIGNED_SHORT.c
Linking C executable cmTC_bcab6
/usr/local/Cellar/cmake/3.6.1/bin/cmake -E cmake_link_script CMakeFiles/cmTC_bcab6.dir/link.txt --verbose=1
/Applications/Xcode.app/Contents/Developer/Toolchains/XcodeDefault.xctoolchain/usr/bin/cc   -fPIC   -fsigned-char -W -Werror=return-type -Werror=address -Werror=sequence-point -Wformat -Werror=format-security -Wmissing-declarations -Wmissing-prototypes -Wstrict-prototypes -Wundef -Winit-self -Wpointer-arith -Wshadow -Wsign-promo -Wno-narrowing -Wno-delete-non-virtual-dtor -Wno-unnamed-type-template-args -Wno-array-bounds -fdiagnostics-show-option -Wno-long-long -Wno-semicolon-before-method-body -fno-omit-frame-pointer -msse -msse2 -msse3  -O3 -DNDEBUG -isysroot /Applications/Xcode.app/Contents/Developer/Platforms/MacOSX.platform/Developer/SDKs/MacOSX10.11.sdk -Wl,-search_paths_first -Wl,-headerpad_max_install_names   CMakeFiles/cmTC_bcab6.dir/CMAKE_SIZEOF_UNSIGNED_SHORT.c.o  -o cmTC_bcab6  


Determining if the system is big endian passed with the following output:
Change Dir: /Users/arunporuri/Desktop/Face_match/cv_static/opencv-2.4.13/CMakeFiles/CMakeTmp

Run Build Command:"/usr/bin/make" "cmTC_86c09/fast"
/Applications/Xcode.app/Contents/Developer/usr/bin/make -f CMakeFiles/cmTC_86c09.dir/build.make CMakeFiles/cmTC_86c09.dir/build
Building C object CMakeFiles/cmTC_86c09.dir/TestEndianess.c.o
/Applications/Xcode.app/Contents/Developer/Toolchains/XcodeDefault.xctoolchain/usr/bin/cc    -fPIC   -fsigned-char -W -Werror=return-type -Werror=address -Werror=sequence-point -Wformat -Werror=format-security -Wmissing-declarations -Wmissing-prototypes -Wstrict-prototypes -Wundef -Winit-self -Wpointer-arith -Wshadow -Wsign-promo -Wno-narrowing -Wno-delete-non-virtual-dtor -Wno-unnamed-type-template-args -Wno-array-bounds -fdiagnostics-show-option -Wno-long-long -Wno-semicolon-before-method-body -fno-omit-frame-pointer -msse -msse2 -msse3  -O3 -DNDEBUG -isysroot /Applications/Xcode.app/Contents/Developer/Platforms/MacOSX.platform/Developer/SDKs/MacOSX10.11.sdk   -o CMakeFiles/cmTC_86c09.dir/TestEndianess.c.o   -c /Users/arunporuri/Desktop/Face_match/cv_static/opencv-2.4.13/CMakeFiles/CMakeTmp/TestEndianess.c
Linking C executable cmTC_86c09
/usr/local/Cellar/cmake/3.6.1/bin/cmake -E cmake_link_script CMakeFiles/cmTC_86c09.dir/link.txt --verbose=1
/Applications/Xcode.app/Contents/Developer/Toolchains/XcodeDefault.xctoolchain/usr/bin/cc   -fPIC   -fsigned-char -W -Werror=return-type -Werror=address -Werror=sequence-point -Wformat -Werror=format-security -Wmissing-declarations -Wmissing-prototypes -Wstrict-prototypes -Wundef -Winit-self -Wpointer-arith -Wshadow -Wsign-promo -Wno-narrowing -Wno-delete-non-virtual-dtor -Wno-unnamed-type-template-args -Wno-array-bounds -fdiagnostics-show-option -Wno-long-long -Wno-semicolon-before-method-body -fno-omit-frame-pointer -msse -msse2 -msse3  -O3 -DNDEBUG -isysroot /Applications/Xcode.app/Contents/Developer/Platforms/MacOSX.platform/Developer/SDKs/MacOSX10.11.sdk -Wl,-search_paths_first -Wl,-headerpad_max_install_names   CMakeFiles/cmTC_86c09.dir/TestEndianess.c.o  -o cmTC_86c09  

TestEndianess.c:
/* A 16 bit integer is required. */
typedef unsigned short cmakeint16;

/* On a little endian machine, these 16bit ints will give "THIS IS LITTLE ENDIAN."
   On a big endian machine the characters will be exchanged pairwise. */
const cmakeint16 info_little[] =  {0x4854, 0x5349, 0x4920, 0x2053, 0x494c, 0x5454, 0x454c, 0x4520, 0x444e, 0x4149, 0x2e4e, 0x0000};

/* on a big endian machine, these 16bit ints will give "THIS IS BIG ENDIAN."
   On a little endian machine the characters will be exchanged pairwise. */
const cmakeint16 info_big[] =     {0x5448, 0x4953, 0x2049, 0x5320, 0x4249, 0x4720, 0x454e, 0x4449, 0x414e, 0x2e2e, 0x0000};

#ifdef __CLASSIC_C__
int main(argc, argv) int argc; char *argv[];
#else
int main(int argc, char *argv[])
#endif
{
  int require = 0;
  require += info_little[argc];
  require += info_big[argc];
  (void)argv;
  return require;
}


Determining if the function fseeko exists passed with the following output:
Change Dir: /Users/arunporuri/Desktop/Face_match/cv_static/opencv-2.4.13/CMakeFiles/CMakeTmp

Run Build Command:"/usr/bin/make" "cmTC_18874/fast"
/Applications/Xcode.app/Contents/Developer/usr/bin/make -f CMakeFiles/cmTC_18874.dir/build.make CMakeFiles/cmTC_18874.dir/build
Building C object CMakeFiles/cmTC_18874.dir/CheckFunctionExists.c.o
/Applications/Xcode.app/Contents/Developer/Toolchains/XcodeDefault.xctoolchain/usr/bin/cc    -fPIC   -fsigned-char -W -Werror=return-type -Werror=address -Werror=sequence-point -Wformat -Werror=format-security -Wmissing-declarations -Wmissing-prototypes -Wstrict-prototypes -Wundef -Winit-self -Wpointer-arith -Wshadow -Wsign-promo -Wno-narrowing -Wno-delete-non-virtual-dtor -Wno-unnamed-type-template-args -Wno-array-bounds -fdiagnostics-show-option -Wno-long-long -Wno-semicolon-before-method-body -fno-omit-frame-pointer -msse -msse2 -msse3 -DCHECK_FUNCTION_EXISTS=fseeko -O3 -DNDEBUG -isysroot /Applications/Xcode.app/Contents/Developer/Platforms/MacOSX.platform/Developer/SDKs/MacOSX10.11.sdk   -o CMakeFiles/cmTC_18874.dir/CheckFunctionExists.c.o   -c /usr/local/Cellar/cmake/3.6.1/share/cmake/Modules/CheckFunctionExists.c
Linking C executable cmTC_18874
/usr/local/Cellar/cmake/3.6.1/bin/cmake -E cmake_link_script CMakeFiles/cmTC_18874.dir/link.txt --verbose=1
/Applications/Xcode.app/Contents/Developer/Toolchains/XcodeDefault.xctoolchain/usr/bin/cc   -fPIC   -fsigned-char -W -Werror=return-type -Werror=address -Werror=sequence-point -Wformat -Werror=format-security -Wmissing-declarations -Wmissing-prototypes -Wstrict-prototypes -Wundef -Winit-self -Wpointer-arith -Wshadow -Wsign-promo -Wno-narrowing -Wno-delete-non-virtual-dtor -Wno-unnamed-type-template-args -Wno-array-bounds -fdiagnostics-show-option -Wno-long-long -Wno-semicolon-before-method-body -fno-omit-frame-pointer -msse -msse2 -msse3 -DCHECK_FUNCTION_EXISTS=fseeko -O3 -DNDEBUG -isysroot /Applications/Xcode.app/Contents/Developer/Platforms/MacOSX.platform/Developer/SDKs/MacOSX10.11.sdk -Wl,-search_paths_first -Wl,-headerpad_max_install_names   CMakeFiles/cmTC_18874.dir/CheckFunctionExists.c.o  -o cmTC_18874  


Determining if the include file unistd.h exists passed with the following output:
Change Dir: /Users/arunporuri/Desktop/Face_match/cv_static/opencv-2.4.13/CMakeFiles/CMakeTmp

Run Build Command:"/usr/bin/make" "cmTC_52eaf/fast"
/Applications/Xcode.app/Contents/Developer/usr/bin/make -f CMakeFiles/cmTC_52eaf.dir/build.make CMakeFiles/cmTC_52eaf.dir/build
Building C object CMakeFiles/cmTC_52eaf.dir/CheckIncludeFile.c.o
/Applications/Xcode.app/Contents/Developer/Toolchains/XcodeDefault.xctoolchain/usr/bin/cc    -fPIC   -fsigned-char -W -Werror=return-type -Werror=address -Werror=sequence-point -Wformat -Werror=format-security -Wmissing-declarations -Wmissing-prototypes -Wstrict-prototypes -Wundef -Winit-self -Wpointer-arith -Wshadow -Wsign-promo -Wno-narrowing -Wno-delete-non-virtual-dtor -Wno-unnamed-type-template-args -Wno-array-bounds -fdiagnostics-show-option -Wno-long-long -Wno-semicolon-before-method-body -fno-omit-frame-pointer -msse -msse2 -msse3  -O3 -DNDEBUG -isysroot /Applications/Xcode.app/Contents/Developer/Platforms/MacOSX.platform/Developer/SDKs/MacOSX10.11.sdk   -o CMakeFiles/cmTC_52eaf.dir/CheckIncludeFile.c.o   -c /Users/arunporuri/Desktop/Face_match/cv_static/opencv-2.4.13/CMakeFiles/CMakeTmp/CheckIncludeFile.c
Linking C executable cmTC_52eaf
/usr/local/Cellar/cmake/3.6.1/bin/cmake -E cmake_link_script CMakeFiles/cmTC_52eaf.dir/link.txt --verbose=1
/Applications/Xcode.app/Contents/Developer/Toolchains/XcodeDefault.xctoolchain/usr/bin/cc   -fPIC   -fsigned-char -W -Werror=return-type -Werror=address -Werror=sequence-point -Wformat -Werror=format-security -Wmissing-declarations -Wmissing-prototypes -Wstrict-prototypes -Wundef -Winit-self -Wpointer-arith -Wshadow -Wsign-promo -Wno-narrowing -Wno-delete-non-virtual-dtor -Wno-unnamed-type-template-args -Wno-array-bounds -fdiagnostics-show-option -Wno-long-long -Wno-semicolon-before-method-body -fno-omit-frame-pointer -msse -msse2 -msse3  -O3 -DNDEBUG -isysroot /Applications/Xcode.app/Contents/Developer/Platforms/MacOSX.platform/Developer/SDKs/MacOSX10.11.sdk -Wl,-search_paths_first -Wl,-headerpad_max_install_names   CMakeFiles/cmTC_52eaf.dir/CheckIncludeFile.c.o  -o cmTC_52eaf  


Determining if the include file assert.h exists passed with the following output:
Change Dir: /Users/arunporuri/Desktop/Face_match/cv_static/opencv-2.4.13/CMakeFiles/CMakeTmp

Run Build Command:"/usr/bin/make" "cmTC_49ea8/fast"
/Applications/Xcode.app/Contents/Developer/usr/bin/make -f CMakeFiles/cmTC_49ea8.dir/build.make CMakeFiles/cmTC_49ea8.dir/build
Building C object CMakeFiles/cmTC_49ea8.dir/CheckIncludeFile.c.o
/Applications/Xcode.app/Contents/Developer/Toolchains/XcodeDefault.xctoolchain/usr/bin/cc    -fPIC   -fsigned-char -W -Werror=return-type -Werror=address -Werror=sequence-point -Wformat -Werror=format-security -Wmissing-declarations -Wmissing-prototypes -Wstrict-prototypes -Wundef -Winit-self -Wpointer-arith -Wshadow -Wsign-promo -Wno-narrowing -Wno-delete-non-virtual-dtor -Wno-unnamed-type-template-args -Wno-array-bounds -fdiagnostics-show-option -Wno-long-long -Wno-semicolon-before-method-body -fno-omit-frame-pointer -msse -msse2 -msse3  -O3 -DNDEBUG -isysroot /Applications/Xcode.app/Contents/Developer/Platforms/MacOSX.platform/Developer/SDKs/MacOSX10.11.sdk   -o CMakeFiles/cmTC_49ea8.dir/CheckIncludeFile.c.o   -c /Users/arunporuri/Desktop/Face_match/cv_static/opencv-2.4.13/CMakeFiles/CMakeTmp/CheckIncludeFile.c
Linking C executable cmTC_49ea8
/usr/local/Cellar/cmake/3.6.1/bin/cmake -E cmake_link_script CMakeFiles/cmTC_49ea8.dir/link.txt --verbose=1
/Applications/Xcode.app/Contents/Developer/Toolchains/XcodeDefault.xctoolchain/usr/bin/cc   -fPIC   -fsigned-char -W -Werror=return-type -Werror=address -Werror=sequence-point -Wformat -Werror=format-security -Wmissing-declarations -Wmissing-prototypes -Wstrict-prototypes -Wundef -Winit-self -Wpointer-arith -Wshadow -Wsign-promo -Wno-narrowing -Wno-delete-non-virtual-dtor -Wno-unnamed-type-template-args -Wno-array-bounds -fdiagnostics-show-option -Wno-long-long -Wno-semicolon-before-method-body -fno-omit-frame-pointer -msse -msse2 -msse3  -O3 -DNDEBUG -isysroot /Applications/Xcode.app/Contents/Developer/Platforms/MacOSX.platform/Developer/SDKs/MacOSX10.11.sdk -Wl,-search_paths_first -Wl,-headerpad_max_install_names   CMakeFiles/cmTC_49ea8.dir/CheckIncludeFile.c.o  -o cmTC_49ea8  


Determining if the include file fcntl.h exists passed with the following output:
Change Dir: /Users/arunporuri/Desktop/Face_match/cv_static/opencv-2.4.13/CMakeFiles/CMakeTmp

Run Build Command:"/usr/bin/make" "cmTC_a415f/fast"
/Applications/Xcode.app/Contents/Developer/usr/bin/make -f CMakeFiles/cmTC_a415f.dir/build.make CMakeFiles/cmTC_a415f.dir/build
Building C object CMakeFiles/cmTC_a415f.dir/CheckIncludeFile.c.o
/Applications/Xcode.app/Contents/Developer/Toolchains/XcodeDefault.xctoolchain/usr/bin/cc    -fPIC   -fsigned-char -W -Werror=return-type -Werror=address -Werror=sequence-point -Wformat -Werror=format-security -Wmissing-declarations -Wmissing-prototypes -Wstrict-prototypes -Wundef -Winit-self -Wpointer-arith -Wshadow -Wsign-promo -Wno-narrowing -Wno-delete-non-virtual-dtor -Wno-unnamed-type-template-args -Wno-array-bounds -fdiagnostics-show-option -Wno-long-long -Wno-semicolon-before-method-body -fno-omit-frame-pointer -msse -msse2 -msse3  -O3 -DNDEBUG -isysroot /Applications/Xcode.app/Contents/Developer/Platforms/MacOSX.platform/Developer/SDKs/MacOSX10.11.sdk   -o CMakeFiles/cmTC_a415f.dir/CheckIncludeFile.c.o   -c /Users/arunporuri/Desktop/Face_match/cv_static/opencv-2.4.13/CMakeFiles/CMakeTmp/CheckIncludeFile.c
Linking C executable cmTC_a415f
/usr/local/Cellar/cmake/3.6.1/bin/cmake -E cmake_link_script CMakeFiles/cmTC_a415f.dir/link.txt --verbose=1
/Applications/Xcode.app/Contents/Developer/Toolchains/XcodeDefault.xctoolchain/usr/bin/cc   -fPIC   -fsigned-char -W -Werror=return-type -Werror=address -Werror=sequence-point -Wformat -Werror=format-security -Wmissing-declarations -Wmissing-prototypes -Wstrict-prototypes -Wundef -Winit-self -Wpointer-arith -Wshadow -Wsign-promo -Wno-narrowing -Wno-delete-non-virtual-dtor -Wno-unnamed-type-template-args -Wno-array-bounds -fdiagnostics-show-option -Wno-long-long -Wno-semicolon-before-method-body -fno-omit-frame-pointer -msse -msse2 -msse3  -O3 -DNDEBUG -isysroot /Applications/Xcode.app/Contents/Developer/Platforms/MacOSX.platform/Developer/SDKs/MacOSX10.11.sdk -Wl,-search_paths_first -Wl,-headerpad_max_install_names   CMakeFiles/cmTC_a415f.dir/CheckIncludeFile.c.o  -o cmTC_a415f  


Determining if the function mmap exists passed with the following output:
Change Dir: /Users/arunporuri/Desktop/Face_match/cv_static/opencv-2.4.13/CMakeFiles/CMakeTmp

Run Build Command:"/usr/bin/make" "cmTC_25392/fast"
/Applications/Xcode.app/Contents/Developer/usr/bin/make -f CMakeFiles/cmTC_25392.dir/build.make CMakeFiles/cmTC_25392.dir/build
Building C object CMakeFiles/cmTC_25392.dir/CheckFunctionExists.c.o
/Applications/Xcode.app/Contents/Developer/Toolchains/XcodeDefault.xctoolchain/usr/bin/cc    -fPIC   -fsigned-char -W -Werror=return-type -Werror=address -Werror=sequence-point -Wformat -Werror=format-security -Wmissing-declarations -Wmissing-prototypes -Wstrict-prototypes -Wundef -Winit-self -Wpointer-arith -Wshadow -Wsign-promo -Wno-narrowing -Wno-delete-non-virtual-dtor -Wno-unnamed-type-template-args -Wno-array-bounds -fdiagnostics-show-option -Wno-long-long -Wno-semicolon-before-method-body -fno-omit-frame-pointer -msse -msse2 -msse3 -DCHECK_FUNCTION_EXISTS=mmap -O3 -DNDEBUG -isysroot /Applications/Xcode.app/Contents/Developer/Platforms/MacOSX.platform/Developer/SDKs/MacOSX10.11.sdk   -o CMakeFiles/cmTC_25392.dir/CheckFunctionExists.c.o   -c /usr/local/Cellar/cmake/3.6.1/share/cmake/Modules/CheckFunctionExists.c
Linking C executable cmTC_25392
/usr/local/Cellar/cmake/3.6.1/bin/cmake -E cmake_link_script CMakeFiles/cmTC_25392.dir/link.txt --verbose=1
/Applications/Xcode.app/Contents/Developer/Toolchains/XcodeDefault.xctoolchain/usr/bin/cc   -fPIC   -fsigned-char -W -Werror=return-type -Werror=address -Werror=sequence-point -Wformat -Werror=format-security -Wmissing-declarations -Wmissing-prototypes -Wstrict-prototypes -Wundef -Winit-self -Wpointer-arith -Wshadow -Wsign-promo -Wno-narrowing -Wno-delete-non-virtual-dtor -Wno-unnamed-type-template-args -Wno-array-bounds -fdiagnostics-show-option -Wno-long-long -Wno-semicolon-before-method-body -fno-omit-frame-pointer -msse -msse2 -msse3 -DCHECK_FUNCTION_EXISTS=mmap -O3 -DNDEBUG -isysroot /Applications/Xcode.app/Contents/Developer/Platforms/MacOSX.platform/Developer/SDKs/MacOSX10.11.sdk -Wl,-search_paths_first -Wl,-headerpad_max_install_names   CMakeFiles/cmTC_25392.dir/CheckFunctionExists.c.o  -o cmTC_25392  


Determining if the include file search.h exists passed with the following output:
Change Dir: /Users/arunporuri/Desktop/Face_match/cv_static/opencv-2.4.13/CMakeFiles/CMakeTmp

Run Build Command:"/usr/bin/make" "cmTC_7ea97/fast"
/Applications/Xcode.app/Contents/Developer/usr/bin/make -f CMakeFiles/cmTC_7ea97.dir/build.make CMakeFiles/cmTC_7ea97.dir/build
Building C object CMakeFiles/cmTC_7ea97.dir/CheckIncludeFile.c.o
/Applications/Xcode.app/Contents/Developer/Toolchains/XcodeDefault.xctoolchain/usr/bin/cc    -fPIC   -fsigned-char -W -Werror=return-type -Werror=address -Werror=sequence-point -Wformat -Werror=format-security -Wmissing-declarations -Wmissing-prototypes -Wstrict-prototypes -Wundef -Winit-self -Wpointer-arith -Wshadow -Wsign-promo -Wno-narrowing -Wno-delete-non-virtual-dtor -Wno-unnamed-type-template-args -Wno-array-bounds -fdiagnostics-show-option -Wno-long-long -Wno-semicolon-before-method-body -fno-omit-frame-pointer -msse -msse2 -msse3  -O3 -DNDEBUG -isysroot /Applications/Xcode.app/Contents/Developer/Platforms/MacOSX.platform/Developer/SDKs/MacOSX10.11.sdk   -o CMakeFiles/cmTC_7ea97.dir/CheckIncludeFile.c.o   -c /Users/arunporuri/Desktop/Face_match/cv_static/opencv-2.4.13/CMakeFiles/CMakeTmp/CheckIncludeFile.c
Linking C executable cmTC_7ea97
/usr/local/Cellar/cmake/3.6.1/bin/cmake -E cmake_link_script CMakeFiles/cmTC_7ea97.dir/link.txt --verbose=1
/Applications/Xcode.app/Contents/Developer/Toolchains/XcodeDefault.xctoolchain/usr/bin/cc   -fPIC   -fsigned-char -W -Werror=return-type -Werror=address -Werror=sequence-point -Wformat -Werror=format-security -Wmissing-declarations -Wmissing-prototypes -Wstrict-prototypes -Wundef -Winit-self -Wpointer-arith -Wshadow -Wsign-promo -Wno-narrowing -Wno-delete-non-virtual-dtor -Wno-unnamed-type-template-args -Wno-array-bounds -fdiagnostics-show-option -Wno-long-long -Wno-semicolon-before-method-body -fno-omit-frame-pointer -msse -msse2 -msse3  -O3 -DNDEBUG -isysroot /Applications/Xcode.app/Contents/Developer/Platforms/MacOSX.platform/Developer/SDKs/MacOSX10.11.sdk -Wl,-search_paths_first -Wl,-headerpad_max_install_names   CMakeFiles/cmTC_7ea97.dir/CheckIncludeFile.c.o  -o cmTC_7ea97  


Determining if the include file string.h exists passed with the following output:
Change Dir: /Users/arunporuri/Desktop/Face_match/cv_static/opencv-2.4.13/CMakeFiles/CMakeTmp

Run Build Command:"/usr/bin/make" "cmTC_821ff/fast"
/Applications/Xcode.app/Contents/Developer/usr/bin/make -f CMakeFiles/cmTC_821ff.dir/build.make CMakeFiles/cmTC_821ff.dir/build
Building C object CMakeFiles/cmTC_821ff.dir/CheckIncludeFile.c.o
/Applications/Xcode.app/Contents/Developer/Toolchains/XcodeDefault.xctoolchain/usr/bin/cc    -fPIC   -fsigned-char -W -Werror=return-type -Werror=address -Werror=sequence-point -Wformat -Werror=format-security -Wmissing-declarations -Wmissing-prototypes -Wstrict-prototypes -Wundef -Winit-self -Wpointer-arith -Wshadow -Wsign-promo -Wno-narrowing -Wno-delete-non-virtual-dtor -Wno-unnamed-type-template-args -Wno-array-bounds -fdiagnostics-show-option -Wno-long-long -Wno-semicolon-before-method-body -fno-omit-frame-pointer -msse -msse2 -msse3  -O3 -DNDEBUG -isysroot /Applications/Xcode.app/Contents/Developer/Platforms/MacOSX.platform/Developer/SDKs/MacOSX10.11.sdk   -o CMakeFiles/cmTC_821ff.dir/CheckIncludeFile.c.o   -c /Users/arunporuri/Desktop/Face_match/cv_static/opencv-2.4.13/CMakeFiles/CMakeTmp/CheckIncludeFile.c
Linking C executable cmTC_821ff
/usr/local/Cellar/cmake/3.6.1/bin/cmake -E cmake_link_script CMakeFiles/cmTC_821ff.dir/link.txt --verbose=1
/Applications/Xcode.app/Contents/Developer/Toolchains/XcodeDefault.xctoolchain/usr/bin/cc   -fPIC   -fsigned-char -W -Werror=return-type -Werror=address -Werror=sequence-point -Wformat -Werror=format-security -Wmissing-declarations -Wmissing-prototypes -Wstrict-prototypes -Wundef -Winit-self -Wpointer-arith -Wshadow -Wsign-promo -Wno-narrowing -Wno-delete-non-virtual-dtor -Wno-unnamed-type-template-args -Wno-array-bounds -fdiagnostics-show-option -Wno-long-long -Wno-semicolon-before-method-body -fno-omit-frame-pointer -msse -msse2 -msse3  -O3 -DNDEBUG -isysroot /Applications/Xcode.app/Contents/Developer/Platforms/MacOSX.platform/Developer/SDKs/MacOSX10.11.sdk -Wl,-search_paths_first -Wl,-headerpad_max_install_names   CMakeFiles/cmTC_821ff.dir/CheckIncludeFile.c.o  -o cmTC_821ff  


Determining if the include file unistd.h exists passed with the following output:
Change Dir: /Users/arunporuri/Desktop/Face_match/cv_static/opencv-2.4.13/CMakeFiles/CMakeTmp

Run Build Command:"/usr/bin/make" "cmTC_71e7b/fast"
/Applications/Xcode.app/Contents/Developer/usr/bin/make -f CMakeFiles/cmTC_71e7b.dir/build.make CMakeFiles/cmTC_71e7b.dir/build
Building C object CMakeFiles/cmTC_71e7b.dir/CheckIncludeFile.c.o
/Applications/Xcode.app/Contents/Developer/Toolchains/XcodeDefault.xctoolchain/usr/bin/cc    -fPIC   -fsigned-char -W -Werror=return-type -Werror=address -Werror=sequence-point -Wformat -Werror=format-security -Wmissing-declarations -Wmissing-prototypes -Wstrict-prototypes -Wundef -Winit-self -Wpointer-arith -Wshadow -Wsign-promo -Wno-narrowing -Wno-delete-non-virtual-dtor -Wno-unnamed-type-template-args -Wno-array-bounds -fdiagnostics-show-option -Wno-long-long -Wno-semicolon-before-method-body -fno-omit-frame-pointer -msse -msse2 -msse3  -O3 -DNDEBUG -isysroot /Applications/Xcode.app/Contents/Developer/Platforms/MacOSX.platform/Developer/SDKs/MacOSX10.11.sdk   -o CMakeFiles/cmTC_71e7b.dir/CheckIncludeFile.c.o   -c /Users/arunporuri/Desktop/Face_match/cv_static/opencv-2.4.13/CMakeFiles/CMakeTmp/CheckIncludeFile.c
Linking C executable cmTC_71e7b
/usr/local/Cellar/cmake/3.6.1/bin/cmake -E cmake_link_script CMakeFiles/cmTC_71e7b.dir/link.txt --verbose=1
/Applications/Xcode.app/Contents/Developer/Toolchains/XcodeDefault.xctoolchain/usr/bin/cc   -fPIC   -fsigned-char -W -Werror=return-type -Werror=address -Werror=sequence-point -Wformat -Werror=format-security -Wmissing-declarations -Wmissing-prototypes -Wstrict-prototypes -Wundef -Winit-self -Wpointer-arith -Wshadow -Wsign-promo -Wno-narrowing -Wno-delete-non-virtual-dtor -Wno-unnamed-type-template-args -Wno-array-bounds -fdiagnostics-show-option -Wno-long-long -Wno-semicolon-before-method-body -fno-omit-frame-pointer -msse -msse2 -msse3  -O3 -DNDEBUG -isysroot /Applications/Xcode.app/Contents/Developer/Platforms/MacOSX.platform/Developer/SDKs/MacOSX10.11.sdk -Wl,-search_paths_first -Wl,-headerpad_max_install_names   CMakeFiles/cmTC_71e7b.dir/CheckIncludeFile.c.o  -o cmTC_71e7b  


Determining if the include file semaphore.h exists passed with the following output:
Change Dir: /Users/arunporuri/Desktop/Face_match/cv_static/opencv-2.4.13/CMakeFiles/CMakeTmp

Run Build Command:"/usr/bin/make" "cmTC_2c2cf/fast"
/Applications/Xcode.app/Contents/Developer/usr/bin/make -f CMakeFiles/cmTC_2c2cf.dir/build.make CMakeFiles/cmTC_2c2cf.dir/build
Building C object CMakeFiles/cmTC_2c2cf.dir/CheckIncludeFile.c.o
/Applications/Xcode.app/Contents/Developer/Toolchains/XcodeDefault.xctoolchain/usr/bin/cc    -fPIC   -fsigned-char -W -Werror=return-type -Werror=address -Werror=sequence-point -Wformat -Werror=format-security -Wmissing-declarations -Wmissing-prototypes -Wstrict-prototypes -Wundef -Winit-self -Wpointer-arith -Wshadow -Wsign-promo -Wno-narrowing -Wno-delete-non-virtual-dtor -Wno-unnamed-type-template-args -Wno-array-bounds -fdiagnostics-show-option -Wno-long-long -Wno-semicolon-before-method-body -fno-omit-frame-pointer -msse -msse2 -msse3  -O3 -DNDEBUG -isysroot /Applications/Xcode.app/Contents/Developer/Platforms/MacOSX.platform/Developer/SDKs/MacOSX10.11.sdk   -o CMakeFiles/cmTC_2c2cf.dir/CheckIncludeFile.c.o   -c /Users/arunporuri/Desktop/Face_match/cv_static/opencv-2.4.13/CMakeFiles/CMakeTmp/CheckIncludeFile.c
Linking C executable cmTC_2c2cf
/usr/local/Cellar/cmake/3.6.1/bin/cmake -E cmake_link_script CMakeFiles/cmTC_2c2cf.dir/link.txt --verbose=1
/Applications/Xcode.app/Contents/Developer/Toolchains/XcodeDefault.xctoolchain/usr/bin/cc   -fPIC   -fsigned-char -W -Werror=return-type -Werror=address -Werror=sequence-point -Wformat -Werror=format-security -Wmissing-declarations -Wmissing-prototypes -Wstrict-prototypes -Wundef -Winit-self -Wpointer-arith -Wshadow -Wsign-promo -Wno-narrowing -Wno-delete-non-virtual-dtor -Wno-unnamed-type-template-args -Wno-array-bounds -fdiagnostics-show-option -Wno-long-long -Wno-semicolon-before-method-body -fno-omit-frame-pointer -msse -msse2 -msse3  -O3 -DNDEBUG -isysroot /Applications/Xcode.app/Contents/Developer/Platforms/MacOSX.platform/Developer/SDKs/MacOSX10.11.sdk -Wl,-search_paths_first -Wl,-headerpad_max_install_names   CMakeFiles/cmTC_2c2cf.dir/CheckIncludeFile.c.o  -o cmTC_2c2cf  


